<?xml version="1.0" encoding="UTF-8"?>
<!-- Generated by org.testng.reporters.JUnitXMLReporter -->
<testsuite hostname="P2C-6CB6NK2" ignored="0" name="Surefire test" tests="1" failures="1" timestamp="09 Dec 2019 09:58:50 GMT" time="0.853" errors="0">
  <testcase name="GETAPITest" time="0.777" classname="com.qa.apitest.testcases.GETMethodTest">
    <failure type="java.lang.NullPointerException">
      <![CDATA[java.lang.NullPointerException
at java.net.URI$Parser.parse(URI.java:3042)
at java.net.URI.<init>(URI.java:588)
at java.net.URI.create(URI.java:850)
at org.apache.http.client.methods.HttpGet.<init>(HttpGet.java:66)
at com.qa.apitest.client.RestClient.GETCall(RestClient.java:26)
at com.qa.apitest.testcases.GETMethodTest.GETAPITest(GETMethodTest.java:35)
... Removed 30 stack frames]]>
    </failure>
  </testcase> <!-- GETAPITest -->
</testsuite> <!-- Surefire test -->
