<?xml version="1.0" encoding="UTF-8"?>
<testsuite xmlns:xsi="http://www.w3.org/2001/XMLSchema-instance" xsi:noNamespaceSchemaLocation="https://maven.apache.org/surefire/maven-surefire-plugin/xsd/surefire-test-report.xsd" name="com.qa.apitest.testcases.GETMethodTest" time="1.637" tests="1" errors="0" skipped="0" failures="1">
  <properties>
[...]
</properties>
  <testcase name="GETAPITest" classname="com.qa.apitest.testcases.GETMethodTest" time="0.796">
    <failure type="java.lang.NullPointerException">java.lang.NullPointerException
	at com.qa.apitest.testcases.GETMethodTest.GETAPITest(GETMethodTest.java:35)
</failure>
    <system-out><![CDATA[https://reqres.in/api/users
]]></system-out>
  </testcase>
</testsuite>